API appelé avec action : lister_contacts
API appelé avec action : lister_contacts
API appelé avec action : lister_contacts
API appelé avec action : ajouter_contact
API appelé avec action : lister_contacts
API appelé avec action : lister_contacts
API appelé avec action : lister_contacts
API appelé avec action : lister_contacts
API appelé avec action : lister_membres
API appelé avec action : lister_membres
API appelé avec action : lister_contacts
API appelé avec action : lister_contacts
API appelé avec action : lister_membres
API appelé avec action : lister_contacts
API appelé avec action : lister_contacts
API appelé avec action : ajouter_contact
API appelé avec action : ajouter_contact
API appelé avec action : lister_contacts
API appelé avec action : lister_contacts
API appelé avec action : get_group_members
API appelé avec action : supprimer_groupe
API appelé avec action : lister_contacts
API appelé avec action : lister_contacts
API appelé avec action : lister_contacts
API appelé avec action : lister_contacts
API appelé avec action : lister_contacts
API appelé avec action : lister_contacts
